<?xml version="1.0" encoding="UTF-8"?>
<!-- Generated by org.testng.reporters.JUnitReportReporter -->
<testsuite hostname="Gauravs-MacBook-Air.local" failures="0" tests="1" name="com.odoo.qa.testcases.ReceiptCreationTestCase" time="16.868" errors="0" timestamp="15 Jan 2022 16:38:04 GMT" skipped="0">
  <testcase classname="com.odoo.qa.testcases.ReceiptCreationTestCase" name="clickOnReceipt" time="16.868"/>
</testsuite> <!-- com.odoo.qa.testcases.ReceiptCreationTestCase -->
