<?xml version="1.0" encoding="UTF-8"?>
<!-- Generated by org.testng.reporters.JUnitReportReporter -->
<testsuite hostname="Gauravs-MacBook-Air.local" failures="0" tests="1" name="com.odoo.qa.testcases.ReceiptCreationTestCase" time="13.199" errors="0" timestamp="28 Dec 2021 17:38:54 GMT" skipped="0">
  <testcase classname="com.odoo.qa.testcases.ReceiptCreationTestCase" name="clickOnReceipt" time="13.199"/>
</testsuite> <!-- com.odoo.qa.testcases.ReceiptCreationTestCase -->
