<?xml version="1.0" encoding="UTF-8"?>
<!-- Generated by org.testng.reporters.JUnitReportReporter -->
<testsuite hostname="Gauravs-MacBook-Air.local" failures="0" tests="1" name="com.odoo.qa.testcases.LogInTestCase" time="15.348" errors="0" timestamp="28 Dec 2021 16:54:24 GMT" skipped="0">
  <testcase classname="com.odoo.qa.testcases.LogInTestCase" name="logIn" time="15.348"/>
</testsuite> <!-- com.odoo.qa.testcases.LogInTestCase -->
